<?xml version="1.0" encoding="UTF-8"?>
<!-- Generated by org.testng.reporters.JUnitReportReporter -->
<testsuite hostname="LAPTOP-PUB6F7SM" failures="0" tests="1" name="frameWork.TC5" time="0.007" errors="0" timestamp="2023-06-15T22:50:52 IST" skipped="0">
  <testcase classname="frameWork.TC5" name="f" time="0.007"/>
  <system-out/>
</testsuite> <!-- frameWork.TC5 -->
