<?xml version="1.0" encoding="UTF-8"?>
<!-- Generated by org.testng.reporters.JUnitReportReporter -->
<testsuite hostname="LAPTOP-PUB6F7SM" failures="0" tests="3" name="frameWork.MethodsStudy2" time="0.002" errors="0" timestamp="2023-06-17T23:17:02 IST" skipped="0">
  <testcase classname="frameWork.MethodsStudy2" name="myMethod6" time="0.001"/>
  <system-out>
    <![CDATA[myMethod6 is running..]]>
  </system-out>
  <testcase classname="frameWork.MethodsStudy2" name="myMethod10" time="0.001"/>
  <system-out>
    <![CDATA[myMethod10 is running..]]>
  </system-out>
  <testcase classname="frameWork.MethodsStudy2" name="myMethod8" time="0.000"/>
  <system-out>
    <![CDATA[myMethod8 is running..]]>
  </system-out>
</testsuite> <!-- frameWork.MethodsStudy2 -->
