<?xml version="1.0" encoding="UTF-8"?>
<!-- Generated by org.testng.reporters.JUnitReportReporter -->
<testsuite hostname="LAPTOP-PUB6F7SM" failures="0" tests="2" name="frameWork.TC16_VerifyUsernameByUsingDataprovider" time="33.299" errors="0" timestamp="2023-06-23T23:11:30 IST" skipped="0">
  <testcase classname="frameWork.TC16_VerifyUsernameByUsingDataprovider" name="verifyUsername" time="15.921"/>
  <system-out/>
  <testcase classname="frameWork.TC16_VerifyUsernameByUsingDataprovider" name="verifyUsername" time="17.378"/>
  <system-out/>
</testsuite> <!-- frameWork.TC16_VerifyUsernameByUsingDataprovider -->
