<?xml version="1.0" encoding="UTF-8"?>
<!-- Generated by org.testng.reporters.JUnitReportReporter -->
<testsuite hostname="LAPTOP-PUB6F7SM" failures="0" tests="2" name="frameWork.TC3" time="0.004" errors="0" timestamp="2023-07-04T22:34:46 IST" skipped="0">
  <testcase classname="frameWork.TC3" name="bookBusTicket" time="0.004"/>
  <system-out/>
  <testcase classname="frameWork.TC3" name="changeTravelDate" time="0.000"/>
  <system-out/>
</testsuite> <!-- frameWork.TC3 -->
