<?xml version="1.0" encoding="UTF-8"?>
<!-- Generated by org.testng.reporters.JUnitReportReporter -->
<testsuite hostname="LAPTOP-PUB6F7SM" failures="0" tests="4" name="listnerUse.SampleTest3" time="2.024" errors="0" timestamp="2023-06-29T22:49:19 IST" skipped="0">
  <testcase classname="listnerUse.SampleTest3" name="TC2" time="2.019"/>
  <system-out>
    <![CDATA[Class Name [TestClass name=class listnerUse.SampleTest3]
Method Name SampleTest3.TC2()[pri:0, instance:listnerUse.SampleTest3@434a63ab]
Test TC2 execution started
TC2 is running
This TC2 method completed successfully]]>
  </system-out>
  <testcase classname="listnerUse.SampleTest3" name="TC4" time="0.001"/>
  <system-out>
    <![CDATA[Class Name [TestClass name=class listnerUse.SampleTest3]
Method Name SampleTest3.TC4()[pri:0, instance:listnerUse.SampleTest3@434a63ab]
Test TC4 execution started
TC4 is running
This TC4 method completed successfully]]>
  </system-out>
  <testcase classname="listnerUse.SampleTest3" name="TC3" time="0.002"/>
  <system-out>
    <![CDATA[Class Name [TestClass name=class listnerUse.SampleTest3]
Method Name SampleTest3.TC3()[pri:0, instance:listnerUse.SampleTest3@434a63ab]
Test TC3 execution started
TC3 is running
This TC3 method completed successfully]]>
  </system-out>
  <testcase classname="listnerUse.SampleTest3" name="TC1" time="0.002"/>
  <system-out>
    <![CDATA[Class Name [TestClass name=class listnerUse.SampleTest3]
Method Name SampleTest3.TC1()[pri:0, instance:listnerUse.SampleTest3@434a63ab]
Test TC1 execution started
TC1 is running
This TC1 method completed successfully]]>
  </system-out>
</testsuite> <!-- listnerUse.SampleTest3 -->
