<?xml version="1.0" encoding="UTF-8"?>
<!-- Generated by org.testng.reporters.JUnitReportReporter -->
<testsuite hostname="LAPTOP-PUB6F7SM" failures="0" tests="2" name="frameWork.TCS2" time="4.684" errors="0" timestamp="2023-06-09T21:39:22 IST" skipped="0">
  <testcase classname="frameWork.TCS2" name="k" time="0.001"/>
  <system-out/>
  <testcase classname="frameWork.TCS2" name="f" time="4.683"/>
  <system-out/>
</testsuite> <!-- frameWork.TCS2 -->
