<?xml version="1.0" encoding="UTF-8"?>
<!-- Generated by org.testng.reporters.JUnitReportReporter -->
<testsuite hostname="LAPTOP-PUB6F7SM" failures="0" tests="6" name="frameWork.TC_Keywords_DependsOn" time="0.013" errors="0" timestamp="2023-06-24T23:31:37 IST" skipped="0">
  <testcase classname="frameWork.TC_Keywords_DependsOn" name="login" time="0.000"/>
  <system-out>
    <![CDATA[hello in]]>
  </system-out>
  <testcase classname="frameWork.TC_Keywords_DependsOn" name="process" time="0.001"/>
  <system-out>
    <![CDATA[hello process]]>
  </system-out>
  <testcase classname="frameWork.TC_Keywords_DependsOn" name="logout" time="0.002"/>
  <system-out>
    <![CDATA[hello out]]>
  </system-out>
  <testcase classname="frameWork.TC_Keywords_DependsOn" name="a" time="0.008"/>
  <system-out>
    <![CDATA[hello a]]>
  </system-out>
  <testcase classname="frameWork.TC_Keywords_DependsOn" name="b" time="0.001"/>
  <system-out>
    <![CDATA[hello b]]>
  </system-out>
  <testcase classname="frameWork.TC_Keywords_DependsOn" name="c" time="0.001"/>
  <system-out>
    <![CDATA[hello c]]>
  </system-out>
</testsuite> <!-- frameWork.TC_Keywords_DependsOn -->
