<?xml version="1.0" encoding="UTF-8"?>
<!-- Generated by org.testng.reporters.JUnitReportReporter -->
<testsuite hostname="LAPTOP-PUB6F7SM" failures="0" tests="6" name="frameWork.TC4" time="0.015" errors="0" timestamp="2023-06-15T21:46:59 IST" skipped="0">
  <testcase classname="frameWork.TC4" name="z" time="0.002"/>
  <system-out/>
  <testcase classname="frameWork.TC4" name="z" time="0.005"/>
  <system-out/>
  <testcase classname="frameWork.TC4" name="z" time="0.001"/>
  <system-out/>
  <testcase classname="frameWork.TC4" name="x" time="0.001"/>
  <system-out/>
  <testcase classname="frameWork.TC4" name="y" time="0.004"/>
  <system-out>
    <![CDATA[Helloo y]]>
  </system-out>
  <testcase classname="frameWork.TC4" name="y" time="0.002"/>
  <system-out>
    <![CDATA[Helloo y]]>
  </system-out>
</testsuite> <!-- frameWork.TC4 -->
