<?xml version="1.0" encoding="UTF-8"?>
<!-- Generated by org.testng.reporters.JUnitReportReporter -->
<testsuite hostname="LAPTOP-PUB6F7SM" failures="0" tests="1" name="frameWork.TC6_OpenFB" time="3.476" errors="0" timestamp="2023-06-24T23:37:50 IST" skipped="0">
  <testcase classname="frameWork.TC6_OpenFB" name="facebook" time="3.476"/>
  <system-out/>
</testsuite> <!-- frameWork.TC6_OpenFB -->
