<?xml version="1.0" encoding="UTF-8"?>
<!-- Generated by org.testng.reporters.JUnitReportReporter -->
<testsuite hostname="LAPTOP-PUB6F7SM" failures="0" tests="1" name="pol_test.TC2_verifyUsernamePropertyfile" time="16.116" errors="0" timestamp="2023-06-28T23:00:06 IST" skipped="0">
  <testcase classname="pol_test.TC2_verifyUsernamePropertyfile" name="verifyUserName" time="16.116"/>
  <system-out/>
</testsuite> <!-- pol_test.TC2_verifyUsernamePropertyfile -->
