<?xml version="1.0" encoding="UTF-8"?>
<!-- Generated by org.testng.reporters.JUnitReportReporter -->
<testsuite hostname="LAPTOP-PUB6F7SM" failures="0" tests="3" name="frameWork.TC_Keywords_enabled" time="0.006" errors="0" timestamp="2023-06-15T22:41:19 IST" skipped="1">
  <testcase classname="frameWork.TC_Keywords_enabled" name="l" time="0.000"/>
  <system-out/>
  <testcase classname="frameWork.TC_Keywords_enabled" name="f" time="0.006"/>
  <system-out/>
  <testcase classname="frameWork.TC_Keywords_enabled" name="k">
    <skipped/>
  </testcase> <!-- k -->
  <system-out/>
</testsuite> <!-- frameWork.TC_Keywords_enabled -->
