<?xml version="1.0" encoding="UTF-8"?>
<!-- Generated by org.testng.reporters.JUnitReportReporter -->
<testsuite hostname="LAPTOP-PUB6F7SM" failures="0" tests="4" name="listnerUse.SampleTest1" time="2.027" errors="0" timestamp="2023-06-29T22:32:18 IST" skipped="0">
  <testcase classname="listnerUse.SampleTest1" name="TC1" time="0.002"/>
  <system-out>
    <![CDATA[Test TC1 execution started
TC1 is running
This TC1 method completed successfully]]>
  </system-out>
  <testcase classname="listnerUse.SampleTest1" name="TC2" time="2.021"/>
  <system-out>
    <![CDATA[Test TC2 execution started
TC2 is running
This TC2 method completed successfully]]>
  </system-out>
  <testcase classname="listnerUse.SampleTest1" name="TC4" time="0.001"/>
  <system-out>
    <![CDATA[Test TC4 execution started
TC4 is running
This TC4 method completed successfully]]>
  </system-out>
  <testcase classname="listnerUse.SampleTest1" name="TC3" time="0.003"/>
  <system-out>
    <![CDATA[Test TC3 execution started
TC3 is running
This TC3 method completed successfully]]>
  </system-out>
</testsuite> <!-- listnerUse.SampleTest1 -->
