<?xml version="1.0" encoding="UTF-8"?>
<!-- Generated by org.testng.reporters.JUnitReportReporter -->
<testsuite hostname="LAPTOP-PUB6F7SM" failures="0" tests="5" name="frameWork.TC_Keywords_invocationCount" time="0.012" errors="0" timestamp="2023-06-24T23:26:39 IST" skipped="0">
  <testcase classname="frameWork.TC_Keywords_invocationCount" name="f" time="0.001"/>
  <system-out/>
  <testcase classname="frameWork.TC_Keywords_invocationCount" name="f" time="0.001"/>
  <system-out/>
  <testcase classname="frameWork.TC_Keywords_invocationCount" name="f" time="0.002"/>
  <system-out/>
  <testcase classname="frameWork.TC_Keywords_invocationCount" name="f" time="0.001"/>
  <system-out/>
  <testcase classname="frameWork.TC_Keywords_invocationCount" name="f" time="0.007"/>
  <system-out/>
</testsuite> <!-- frameWork.TC_Keywords_invocationCount -->
