<?xml version="1.0" encoding="UTF-8"?>
<!-- Generated by org.testng.reporters.JUnitReportReporter -->
<testsuite hostname="LAPTOP-PUB6F7SM" failures="0" tests="3" name="frameWork.TC8_CrossBrowser_OpenFB" time="25.114" errors="0" timestamp="2023-06-19T23:27:47 IST" skipped="0">
  <testcase classname="frameWork.TC8_CrossBrowser_OpenFB" name="openFB" time="10.304"/>
  <system-out/>
  <testcase classname="frameWork.TC8_CrossBrowser_OpenFB" name="openFB" time="8.096"/>
  <system-out/>
  <testcase classname="frameWork.TC8_CrossBrowser_OpenFB" name="openFB" time="6.714"/>
  <system-out/>
</testsuite> <!-- frameWork.TC8_CrossBrowser_OpenFB -->
