<?xml version="1.0" encoding="UTF-8"?>
<!-- Generated by org.testng.reporters.JUnitReportReporter -->
<testsuite hostname="LAPTOP-PUB6F7SM" failures="0" tests="4" name="frameWork.GroupStudy1" time="0.010" errors="0" timestamp="2023-06-17T16:53:35 IST" skipped="0">
  <testcase classname="frameWork.GroupStudy1" name="myMethod5" time="0.000"/>
  <system-out>
    <![CDATA[myMethod5 is running..]]>
  </system-out>
  <testcase classname="frameWork.GroupStudy1" name="myMethod4" time="0.001"/>
  <system-out>
    <![CDATA[myMethod4 is running..]]>
  </system-out>
  <testcase classname="frameWork.GroupStudy1" name="myMethod1" time="0.008"/>
  <system-out>
    <![CDATA[myMethod1 is running..]]>
  </system-out>
  <testcase classname="frameWork.GroupStudy1" name="myMethod3" time="0.001"/>
  <system-out>
    <![CDATA[myMethod3 is running..]]>
  </system-out>
</testsuite> <!-- frameWork.GroupStudy1 -->
