<?xml version="1.0" encoding="UTF-8"?>
<!-- Generated by org.testng.reporters.JUnitReportReporter -->
<testsuite hostname="LAPTOP-PUB6F7SM" failures="0" tests="1" name="frameWork.TC7_OpenInsta" time="4.370" errors="0" timestamp="2023-06-24T23:37:50 IST" skipped="0">
  <testcase classname="frameWork.TC7_OpenInsta" name="insta" time="4.370"/>
  <system-out/>
</testsuite> <!-- frameWork.TC7_OpenInsta -->
