<?xml version="1.0" encoding="UTF-8"?>
<!-- Generated by org.testng.reporters.JUnitReportReporter -->
<testsuite hostname="LAPTOP-PUB6F7SM" failures="0" tests="1" name="frameWork.TC14_TestNGPolicyBazar" time="10.619" errors="0" timestamp="2023-07-04T22:59:37 IST" skipped="0">
  <testcase classname="frameWork.TC14_TestNGPolicyBazar" name="verifyUserName" time="10.619"/>
  <system-out/>
</testsuite> <!-- frameWork.TC14_TestNGPolicyBazar -->
