<?xml version="1.0" encoding="UTF-8"?>
<!-- Generated by org.testng.reporters.JUnitReportReporter -->
<testsuite hostname="LAPTOP-PUB6F7SM" failures="0" tests="5" name="frameWork.TC_Keywords_priority" time="0.010" errors="0" timestamp="2023-06-24T23:27:17 IST" skipped="0">
  <testcase classname="frameWork.TC_Keywords_priority" name="c" time="0.006"/>
  <system-out/>
  <testcase classname="frameWork.TC_Keywords_priority" name="a" time="0.001"/>
  <system-out/>
  <testcase classname="frameWork.TC_Keywords_priority" name="b" time="0.001"/>
  <system-out/>
  <testcase classname="frameWork.TC_Keywords_priority" name="e" time="0.002"/>
  <system-out/>
  <testcase classname="frameWork.TC_Keywords_priority" name="f" time="0.000"/>
  <system-out/>
</testsuite> <!-- frameWork.TC_Keywords_priority -->
